android/app/build/outputs/logs/manifest-merger-debug-report.txt
-- Merging decision tree log ---
manifest
ADDED from src/main/AndroidManifest.xml:1:1-51:12
INJECTED from src/main/AndroidManifest.xml:1:1-51:12
INJECTED from src/main/AndroidManifest.xml:1:1-51:12
INJECTED from src/main/AndroidManifest.xml:1:1-51:12
MERGED from [:react-native-firebase] AndroidManifest.xml:2:1-23:12
MERGED from [androidx.multidex:multidex:2.0.1] AndroidManifest.xml:17:1-22:12
MERGED from [me.leolin:ShortcutBadger:1.1.21] AndroidManifest.xml:2:1-52:12
MERGED from [com.crashlytics.sdk.android:crashlytics:2.9.9] AndroidManifest.xml:2:1-19:12
MERGED from [com.google.firebase:firebase-core:17.0.1] AndroidManifest.xml:2:1-9:12
MERGED from [:react-native-camera] AndroidManifest.xml:2:1-18:12
MERGED from [com.google.firebase:firebase-ml-vision:19.0.3] AndroidManifest.xml:2:1-8:12
MERGED from [com.google.firebase:firebase-ml-vision-face-model:17.0.2] AndroidManifest.xml:2:1-9:12
MERGED from [:react-native-device-info] AndroidManifest.xml:2:1-24:12
MERGED from [com.google.android.gms:play-services-iid:17.0.0] AndroidManifest.xml:17:1-28:12
MERGED from [com.google.android.gms:play-services-auth-base:16.0.0] AndroidManifest.xml:2:1-7:12
MERGED from [com.google.android.gms:play-services-vision:17.0.2] AndroidManifest.xml:2:1-9:12
MERGED from [com.google.android.gms:play-services-vision-image-label:17.0.2] AndroidManifest.xml:2:1-9:12
MERGED from [com.google.android.gms:play-services-vision-common:17.0.2] AndroidManifest.xml:2:1-9:12
MERGED from [com.google.firebase:firebase-ml-common:17.0.0] AndroidManifest.xml:2:1-8:12
MERGED from [com.google.android.gms:play-services-clearcut:16.0.0] AndroidManifest.xml:17:1-24:12
MERGED from [com.google.android.gms:play-services-flags:16.0.1] AndroidManifest.xml:17:1-22:12
MERGED from [com.google.android.gms:play-services-phenotype:16.0.0] AndroidManifest.xml:17:1-24:12
MERGED from [com.google.firebase:firebase-analytics:17.0.0] AndroidManifest.xml:2:1-9:12
MERGED from [com.google.android.gms:play-services-measurement-api:17.0.0] AndroidManifest.xml:17:1-36:12
MERGED from [com.google.firebase:firebase-iid:19.0.0] AndroidManifest.xml:17:1-47:12
MERGED from [com.google.firebase:firebase-iid-interop:17.0.0] AndroidManifest.xml:2:1-10:12
MERGED from [com.google.android.gms:play-services-base:17.0.0] AndroidManifest.xml:17:1-29:12
MERGED from [:@react-native-community_async-storage] AndroidManifest.xml:2:1-9:12
MERGED from [:@react-native-community_cameraroll] AndroidManifest.xml:2:1-9:12
MERGED from [:react-native-fs] AndroidManifest.xml:2:1-13:12
MERGED from [:react-native-image-base64] AndroidManifest.xml:2:1-9:12
MERGED from [:react-native-image-picker] AndroidManifest.xml:2:1-21:12
MERGED from [:react-native-localization] AndroidManifest.xml:2:1-11:12
MERGED from [:react-native-localize] AndroidManifest.xml:2:1-9:12
MERGED from [:react-native-pdf] AndroidManifest.xml:2:1-9:12
MERGED from [:react-native-permissions] AndroidManifest.xml:2:1-9:12
MERGED from [:react-native-reanimated] AndroidManifest.xml:2:1-11:12
MERGED from [:react-native-share] AndroidManifest.xml:2:1-23:12
MERGED from [:react-native-svg] AndroidManifest.xml:2:1-9:12
MERGED from [:react-native-vector-icons] AndroidManifest.xml:2:1-11:12
MERGED from [:react-native-webview] AndroidManifest.xml:2:1-23:12
MERGED from [:rn-fetch-blob] AndroidManifest.xml:2:1-47:12
MERGED from [com.facebook.react:react-native:0.60.5] AndroidManifest.xml:2:1-13:12
MERGED from [org.webkit:android-jsc:r245459] AndroidManifest.xml:2:1-11:12
MERGED from [:react-native-gesture-handler] AndroidManifest.xml:2:1-11:12
MERGED from [:react-native-image-resizer] AndroidManifest.xml:2:1-11:12
MERGED from [com.crashlytics.sdk.android:crashlytics-core:2.6.8] AndroidManifest.xml:45:1-56:12
MERGED from [com.crashlytics.sdk.android:answers:1.4.7] AndroidManifest.xml:2:1-13:12
MERGED from [io.fabric.sdk.android:fabric:1.4.8] AndroidManifest.xml:22:1-33:12
MERGED from [com.crashlytics.sdk.android:beta:1.2.10] AndroidManifest.xml:2:1-13:12
MERGED from [com.google.firebase:firebase-common:18.0.0] AndroidManifest.xml:2:1-19:12
MERGED from [com.google.android.gms:play-services-tasks:17.0.0] AndroidManifest.xml:2:1-9:12
MERGED from [com.google.android.gms:play-services-measurement:17.0.0] AndroidManifest.xml:17:1-55:12
MERGED from [com.google.android.gms:play-services-measurement-sdk:17.0.0] AndroidManifest.xml:17:1-25:12
MERGED from [com.google.android.gms:play-services-measurement-impl:17.0.0] AndroidManifest.xml:17:1-40:12
MERGED from [com.google.android.gms:play-services-stats:17.0.0] AndroidManifest.xml:2:1-9:12
MERGED from [com.google.android.gms:play-services-measurement-sdk-api:17.0.0] AndroidManifest.xml:17:1-40:12
MERGED from [com.google.android.gms:play-services-measurement-base:17.0.0] AndroidManifest.xml:2:1-9:12
MERGED from [com.google.firebase:firebase-measurement-connector:18.0.0] AndroidManifest.xml:17:1-25:12
MERGED from [com.google.android.gms:play-services-ads-identifier:17.0.0] AndroidManifest.xml:17:1-24:12
MERGED from [com.google.android.gms:play-services-basement:17.0.0] AndroidManifest.xml:17:1-28:12
MERGED from [androidx.appcompat:appcompat:1.0.2] AndroidManifest.xml:17:1-22:12
MERGED from [com.github.barteksc:android-pdf-viewer:3.1.0-beta.1] AndroidManifest.xml:2:1-11:12
MERGED from [com.github.barteksc:pdfium-android:1.9.0] AndroidManifest.xml:2:1-11:12
MERGED from [androidx.legacy:legacy-support-v4:1.0.0] AndroidManifest.xml:17:1-22:12
MERGED from [androidx.fragment:fragment:1.0.0] AndroidManifest.xml:17:1-22:12
MERGED from [androidx.transition:transition:1.0.0] AndroidManifest.xml:17:1-22:12
MERGED from [androidx.vectordrawable:vectordrawable-animated:1.0.0] AndroidManifest.xml:17:1-22:12
MERGED from [androidx.legacy:legacy-support-core-ui:1.0.0] AndroidManifest.xml:17:1-22:12
MERGED from [androidx.legacy:legacy-support-core-utils:1.0.0] AndroidManifest.xml:17:1-22:12
MERGED from [androidx.loader:loader:1.0.0] AndroidManifest.xml:17:1-22:12
MERGED from [androidx.vectordrawable:vectordrawable:1.0.1] AndroidManifest.xml:17:1-22:12
MERGED from [androidx.media:media:1.0.0] AndroidManifest.xml:17:1-22:12
MERGED from [androidx.viewpager:viewpager:1.0.0] AndroidManifest.xml:17:1-22:12
MERGED from [androidx.coordinatorlayout:coordinatorlayout:1.0.0] AndroidManifest.xml:17:1-22:12
MERGED from [androidx.drawerlayout:drawerlayout:1.0.0] AndroidManifest.xml:17:1-22:12
MERGED from [androidx.slidingpanelayout:slidingpanelayout:1.0.0] AndroidManifest.xml:17:1-22:12
MERGED from [androidx.customview:customview:1.0.0] AndroidManifest.xml:17:1-22:12
MERGED from [androidx.swiperefreshlayout:swiperefreshlayout:1.0.0] AndroidManifest.xml:17:1-22:12
MERGED from [androidx.asynclayoutinflater:asynclayoutinflater:1.0.0] AndroidManifest.xml:17:1-22:12
MERGED from [androidx.core:core:1.0.1] AndroidManifest.xml:17:1-24:12
MERGED from [androidx.versionedparcelable:versionedparcelable:1.0.0] AndroidManifest.xml:17:1-25:12
MERGED from [com.facebook.fresco:fresco:2.0.0] AndroidManifest.xml:2:1-9:12
MERGED from [com.facebook.fresco:imagepipeline-okhttp3:2.0.0] AndroidManifest.xml:2:1-9:12
MERGED from [com.facebook.fresco:drawee:2.0.0] AndroidManifest.xml:2:1-9:12
MERGED from [com.facebook.fresco:nativeimagefilters:2.0.0] AndroidManifest.xml:2:1-9:12
MERGED from [com.facebook.fresco:imagepipeline:2.0.0] AndroidManifest.xml:2:1-9:12
MERGED from [com.facebook.fresco:nativeimagetranscoder:2.0.0] AndroidManifest.xml:2:1-9:12
MERGED from [com.facebook.fresco:imagepipeline-base:2.0.0] AndroidManifest.xml:2:1-9:12
MERGED from [com.facebook.soloader:soloader:0.6.0] AndroidManifest.xml:2:1-13:12
MERGED from [androidx.exifinterface:exifinterface:1.0.0] AndroidManifest.xml:17:1-22:12
MERGED from [androidx.lifecycle:lifecycle-viewmodel:2.0.0] AndroidManifest.xml:17:1-22:12
MERGED from [androidx.cursoradapter:cursoradapter:1.0.0] AndroidManifest.xml:17:1-22:12
MERGED from [androidx.interpolator:interpolator:1.0.0] AndroidManifest.xml:17:1-22:12
MERGED from [androidx.documentfile:documentfile:1.0.0] AndroidManifest.xml:17:1-22:12
MERGED from [androidx.localbroadcastmanager:localbroadcastmanager:1.0.0] AndroidManifest.xml:17:1-22:12
MERGED from [androidx.print:print:1.0.0] AndroidManifest.xml:17:1-22:12
MERGED from [androidx.lifecycle:lifecycle-runtime:2.0.0] AndroidManifest.xml:17:1-22:12
MERGED from [androidx.lifecycle:lifecycle-livedata:2.0.0] AndroidManifest.xml:17:1-22:12
MERGED from [androidx.lifecycle:lifecycle-livedata-core:2.0.0] AndroidManifest.xml:17:1-22:12
MERGED from [androidx.arch.core:core-runtime:2.0.0] AndroidManifest.xml:17:1-22:12
MERGED from [com.android.installreferrer:installreferrer:1.1.2] AndroidManifest.xml:2:1-13:12
MERGED from [com.facebook.fresco:fbcore:2.0.0] AndroidManifest.xml:2:1-9:12
INJECTED from src/main/AndroidManifest.xml:1:1-51:12
INJECTED from src/main/AndroidManifest.xml:1:1-51:12
INJECTED from src/main/AndroidManifest.xml:1:1-51:12
	package
		ADDED from src/main/AndroidManifest.xml:2:3-33
		INJECTED from src/main/AndroidManifest.xml
		INJECTED from src/main/AndroidManifest.xml
	android:versionName
		INJECTED from src/main/AndroidManifest.xml
		ADDED from src/main/AndroidManifest.xml:1:1-51:12
		INJECTED from src/main/AndroidManifest.xml
	android:versionCode
		INJECTED from src/main/AndroidManifest.xml
		ADDED from src/main/AndroidManifest.xml:1:1-51:12
		INJECTED from src/main/AndroidManifest.xml
	xmlns:android
		ADDED from src/main/AndroidManifest.xml:1:11-69
uses-permission#android.permission.INTERNET
ADDED from src/main/AndroidManifest.xml:4:5-67
MERGED from [:react-native-firebase] AndroidManifest.xml:11:5-67
MERGED from [:react-native-firebase] AndroidManifest.xml:11:5-67
MERGED from [com.crashlytics.sdk.android:crashlytics:2.9.9] AndroidManifest.xml:9:5-67
MERGED from [com.crashlytics.sdk.android:crashlytics:2.9.9] AndroidManifest.xml:9:5-67
MERGED from [com.google.android.gms:play-services-iid:17.0.0] AndroidManifest.xml:24:5-67
MERGED from [com.google.android.gms:play-services-iid:17.0.0] AndroidManifest.xml:24:5-67
MERGED from [com.google.android.gms:play-services-measurement-api:17.0.0] AndroidManifest.xml:22:5-67
MERGED from [com.google.android.gms:play-services-measurement-api:17.0.0] AndroidManifest.xml:22:5-67
MERGED from [com.google.firebase:firebase-iid:19.0.0] AndroidManifest.xml:23:5-67
MERGED from [com.google.firebase:firebase-iid:19.0.0] AndroidManifest.xml:23:5-67
MERGED from [:rn-fetch-blob] AndroidManifest.xml:15:5-67
MERGED from [:rn-fetch-blob] AndroidManifest.xml:15:5-67
MERGED from [com.crashlytics.sdk.android:crashlytics-core:2.6.8] AndroidManifest.xml:52:5-67
MERGED from [com.crashlytics.sdk.android:crashlytics-core:2.6.8] AndroidManifest.xml:52:5-67
MERGED from [com.crashlytics.sdk.android:answers:1.4.7] AndroidManifest.xml:9:5-67
MERGED from [com.crashlytics.sdk.android:answers:1.4.7] AndroidManifest.xml:9:5-67
MERGED from [io.fabric.sdk.android:fabric:1.4.8] AndroidManifest.xml:29:5-67
MERGED from [io.fabric.sdk.android:fabric:1.4.8] AndroidManifest.xml:29:5-67
MERGED from [com.crashlytics.sdk.android:beta:1.2.10] AndroidManifest.xml:9:5-67
MERGED from [com.crashlytics.sdk.android:beta:1.2.10] AndroidManifest.xml:9:5-67
MERGED from [com.google.android.gms:play-services-measurement:17.0.0] AndroidManifest.xml:23:5-67
MERGED from [com.google.android.gms:play-services-measurement:17.0.0] AndroidManifest.xml:23:5-67
MERGED from [com.google.android.gms:play-services-measurement-impl:17.0.0] AndroidManifest.xml:23:5-67
MERGED from [com.google.android.gms:play-services-measurement-impl:17.0.0] AndroidManifest.xml:23:5-67
MERGED from [com.google.android.gms:play-services-measurement-sdk-api:17.0.0] AndroidManifest.xml:23:5-67
MERGED from [com.google.android.gms:play-services-measurement-sdk-api:17.0.0] AndroidManifest.xml:23:5-67
	android:name
		ADDED from src/main/AndroidManifest.xml:4:22-64
uses-permission#android.permission.RECEIVE_BOOT_COMPLETED
ADDED from src/main/AndroidManifest.xml:5:5-81
	android:name
		ADDED from src/main/AndroidManifest.xml:5:22-78
uses-permission#android.permission.VIBRATE
ADDED from src/main/AndroidManifest.xml:6:5-66
	android:name
		ADDED from src/main/AndroidManifest.xml:6:22-63
uses-permission#android.permission.CAMERA
ADDED from src/main/AndroidManifest.xml:7:5-65
MERGED from [:react-native-camera] AndroidManifest.xml:9:5-65
MERGED from [:react-native-camera] AndroidManifest.xml:9:5-65
	android:name
		ADDED from src/main/AndroidManifest.xml:7:22-62
uses-permission#android.permission.WRITE_EXTERNAL_STORAGE
ADDED from src/main/AndroidManifest.xml:8:5-80
MERGED from [:react-native-fs] AndroidManifest.xml:11:5-81
MERGED from [:react-native-fs] AndroidManifest.xml:11:5-81
MERGED from [:react-native-share] AndroidManifest.xml:9:5-81
MERGED from [:react-native-share] AndroidManifest.xml:9:5-81
MERGED from [:rn-fetch-blob] AndroidManifest.xml:33:5-81
MERGED from [:rn-fetch-blob] AndroidManifest.xml:33:5-81
	android:name
		ADDED from src/main/AndroidManifest.xml:8:22-78
application
ADDED from src/main/AndroidManifest.xml:10:5-49:19
MERGED from [:react-native-firebase] AndroidManifest.xml:15:5-21:19
MERGED from [:react-native-firebase] AndroidManifest.xml:15:5-21:19
MERGED from [com.crashlytics.sdk.android:crashlytics:2.9.9] AndroidManifest.xml:11:5-17:19
MERGED from [com.crashlytics.sdk.android:crashlytics:2.9.9] AndroidManifest.xml:11:5-17:19
MERGED from [com.google.firebase:firebase-core:17.0.1] AndroidManifest.xml:7:5-20
MERGED from [com.google.firebase:firebase-core:17.0.1] AndroidManifest.xml:7:5-20
MERGED from [com.google.firebase:firebase-ml-vision-face-model:17.0.2] AndroidManifest.xml:7:5-20
MERGED from [com.google.firebase:firebase-ml-vision-face-model:17.0.2] AndroidManifest.xml:7:5-20
MERGED from [:react-native-device-info] AndroidManifest.xml:12:5-22:19
MERGED from [:react-native-device-info] AndroidManifest.xml:12:5-22:19
MERGED from [com.google.android.gms:play-services-iid:17.0.0] AndroidManifest.xml:26:5-20
MERGED from [com.google.android.gms:play-services-iid:17.0.0] AndroidManifest.xml:26:5-20
MERGED from [com.google.android.gms:play-services-vision:17.0.2] AndroidManifest.xml:7:5-20
MERGED from [com.google.android.gms:play-services-vision:17.0.2] AndroidManifest.xml:7:5-20
MERGED from [com.google.android.gms:play-services-vision-image-label:17.0.2] AndroidManifest.xml:7:5-20
MERGED from [com.google.android.gms:play-services-vision-image-label:17.0.2] AndroidManifest.xml:7:5-20
MERGED from [com.google.android.gms:play-services-vision-common:17.0.2] AndroidManifest.xml:7:5-20
MERGED from [com.google.android.gms:play-services-vision-common:17.0.2] AndroidManifest.xml:7:5-20
MERGED from [com.google.android.gms:play-services-clearcut:16.0.0] AndroidManifest.xml:22:5-20
MERGED from [com.google.android.gms:play-services-clearcut:16.0.0] AndroidManifest.xml:22:5-20
MERGED from [com.google.android.gms:play-services-phenotype:16.0.0] AndroidManifest.xml:22:5-20
MERGED from [com.google.android.gms:play-services-phenotype:16.0.0] AndroidManifest.xml:22:5-20
MERGED from [com.google.firebase:firebase-analytics:17.0.0] AndroidManifest.xml:7:5-20
MERGED from [com.google.firebase:firebase-analytics:17.0.0] AndroidManifest.xml:7:5-20
MERGED from [com.google.android.gms:play-services-measurement-api:17.0.0] AndroidManifest.xml:26:5-34:19
MERGED from [com.google.android.gms:play-services-measurement-api:17.0.0] AndroidManifest.xml:26:5-34:19
MERGED from [com.google.firebase:firebase-iid:19.0.0] AndroidManifest.xml:28:5-45:19
MERGED from [com.google.firebase:firebase-iid:19.0.0] AndroidManifest.xml:28:5-45:19
MERGED from [com.google.firebase:firebase-iid-interop:17.0.0] AndroidManifest.xml:7:5-8:19
MERGED from [com.google.firebase:firebase-iid-interop:17.0.0] AndroidManifest.xml:7:5-8:19
MERGED from [com.google.android.gms:play-services-base:17.0.0] AndroidManifest.xml:22:5-27:19
MERGED from [com.google.android.gms:play-services-base:17.0.0] AndroidManifest.xml:22:5-27:19
MERGED from [:react-native-image-picker] AndroidManifest.xml:9:5-19:19
MERGED from [:react-native-image-picker] AndroidManifest.xml:9:5-19:19
MERGED from [:react-native-share] AndroidManifest.xml:11:5-21:19
MERGED from [:react-native-share] AndroidManifest.xml:11:5-21:19
MERGED from [:react-native-webview] AndroidManifest.xml:11:5-21:19
MERGED from [:react-native-webview] AndroidManifest.xml:11:5-21:19
MERGED from [:rn-fetch-blob] AndroidManifest.xml:35:5-45:19
MERGED from [:rn-fetch-blob] AndroidManifest.xml:35:5-45:19
MERGED from [com.facebook.react:react-native:0.60.5] AndroidManifest.xml:11:5-20
MERGED from [com.facebook.react:react-native:0.60.5] AndroidManifest.xml:11:5-20
MERGED from [com.crashlytics.sdk.android:crashlytics-core:2.6.8] AndroidManifest.xml:54:5-20
MERGED from [com.crashlytics.sdk.android:crashlytics-core:2.6.8] AndroidManifest.xml:54:5-20
MERGED from [com.crashlytics.sdk.android:answers:1.4.7] AndroidManifest.xml:11:5-20
MERGED from [com.crashlytics.sdk.android:answers:1.4.7] AndroidManifest.xml:11:5-20
MERGED from [io.fabric.sdk.android:fabric:1.4.8] AndroidManifest.xml:31:5-20
MERGED from [io.fabric.sdk.android:fabric:1.4.8] AndroidManifest.xml:31:5-20
MERGED from [com.crashlytics.sdk.android:beta:1.2.10] AndroidManifest.xml:11:5-20
MERGED from [com.crashlytics.sdk.android:beta:1.2.10] AndroidManifest.xml:11:5-20
MERGED from [com.google.firebase:firebase-common:18.0.0] AndroidManifest.xml:11:5-17:19
MERGED from [com.google.firebase:firebase-common:18.0.0] AndroidManifest.xml:11:5-17:19
MERGED from [com.google.android.gms:play-services-tasks:17.0.0] AndroidManifest.xml:7:5-20
MERGED from [com.google.android.gms:play-services-tasks:17.0.0] AndroidManifest.xml:7:5-20
MERGED from [com.google.android.gms:play-services-measurement:17.0.0] AndroidManifest.xml:28:5-53:19
MERGED from [com.google.android.gms:play-services-measurement:17.0.0] AndroidManifest.xml:28:5-53:19
MERGED from [com.google.android.gms:play-services-measurement-sdk:17.0.0] AndroidManifest.xml:22:5-23:19
MERGED from [com.google.android.gms:play-services-measurement-sdk:17.0.0] AndroidManifest.xml:22:5-23:19
MERGED from [com.google.android.gms:play-services-measurement-impl:17.0.0] AndroidManifest.xml:28:5-38:19
MERGED from [com.google.android.gms:play-services-measurement-impl:17.0.0] AndroidManifest.xml:28:5-38:19
MERGED from [com.google.android.gms:play-services-stats:17.0.0] AndroidManifest.xml:7:5-20
MERGED from [com.google.android.gms:play-services-stats:17.0.0] AndroidManifest.xml:7:5-20
MERGED from [com.google.android.gms:play-services-measurement-sdk-api:17.0.0] AndroidManifest.xml:28:5-38:19
MERGED from [com.google.android.gms:play-services-measurement-sdk-api:17.0.0] AndroidManifest.xml:28:5-38:19
MERGED from [com.google.android.gms:play-services-measurement-base:17.0.0] AndroidManifest.xml:7:5-20
MERGED from [com.google.android.gms:play-services-measurement-base:17.0.0] AndroidManifest.xml:7:5-20
MERGED from [com.google.firebase:firebase-measurement-connector:18.0.0] AndroidManifest.xml:22:5-23:19
MERGED from [com.google.firebase:firebase-measurement-connector:18.0.0] AndroidManifest.xml:22:5-23:19
MERGED from [com.google.android.gms:play-services-ads-identifier:17.0.0] AndroidManifest.xml:22:5-20
MERGED from [com.google.android.gms:play-services-ads-identifier:17.0.0] AndroidManifest.xml:22:5-20
MERGED from [com.google.android.gms:play-services-basement:17.0.0] AndroidManifest.xml:22:5-26:19
MERGED from [com.google.android.gms:play-services-basement:17.0.0] AndroidManifest.xml:22:5-26:19
MERGED from [androidx.core:core:1.0.1] AndroidManifest.xml:22:5-89
MERGED from [androidx.core:core:1.0.1] AndroidManifest.xml:22:5-89
MERGED from [androidx.versionedparcelable:versionedparcelable:1.0.0] AndroidManifest.xml:22:5-23:19
MERGED from [androidx.versionedparcelable:versionedparcelable:1.0.0] AndroidManifest.xml:22:5-23:19
MERGED from [com.facebook.soloader:soloader:0.6.0] AndroidManifest.xml:11:5-20
MERGED from [com.facebook.soloader:soloader:0.6.0] AndroidManifest.xml:11:5-20
MERGED from [com.android.installreferrer:installreferrer:1.1.2] AndroidManifest.xml:11:5-20
MERGED from [com.android.installreferrer:installreferrer:1.1.2] AndroidManifest.xml:11:5-20
	android:requestLegacyExternalStorage
		ADDED from src/main/AndroidManifest.xml:17:7-50
	android:appComponentFactory
		ADDED from [androidx.core:core:1.0.1] AndroidManifest.xml:22:18-86
	android:label
		ADDED from src/main/AndroidManifest.xml:12:7-39
	android:icon
		ADDED from src/main/AndroidManifest.xml:13:7-41
	android:allowBackup
		ADDED from src/main/AndroidManifest.xml:14:7-34
	android:theme
		ADDED from src/main/AndroidManifest.xml:15:7-38
	android:usesCleartextTraffic
		ADDED from src/main/AndroidManifest.xml:16:7-42
	android:name
		ADDED from src/main/AndroidManifest.xml:11:7-38
meta-data#com.google.firebase.messaging.default_notification_icon
ADDED from src/main/AndroidManifest.xml:20:7-136
	android:resource
		ADDED from src/main/AndroidManifest.xml:20:89-133
	android:name
		ADDED from src/main/AndroidManifest.xml:20:18-88
meta-data#com.google.firebase.messaging.default_notification_color
ADDED from src/main/AndroidManifest.xml:22:7-126
	android:resource
		ADDED from src/main/AndroidManifest.xml:22:90-123
	android:name
		ADDED from src/main/AndroidManifest.xml:22:18-89
activity#id.co.kalbe.onekalbe.MainActivity
ADDED from src/main/AndroidManifest.xml:23:7-41:18
	android:screenOrientation
		ADDED from src/main/AndroidManifest.xml:28:9-45
	android:label
		ADDED from src/main/AndroidManifest.xml:25:9-41
	android:launchMode
		ADDED from src/main/AndroidManifest.xml:26:9-40
	android:windowSoftInputMode
		ADDED from src/main/AndroidManifest.xml:30:9-51
	android:exported
		ADDED from src/main/AndroidManifest.xml:29:9-32
	android:configChanges
		ADDED from src/main/AndroidManifest.xml:27:9-79
	android:name
		ADDED from src/main/AndroidManifest.xml:24:9-37
intent-filter#action:name:android.intent.action.MAIN+category:name:android.intent.category.LAUNCHER
ADDED from src/main/AndroidManifest.xml:31:9-34:25
action#android.intent.action.MAIN
ADDED from src/main/AndroidManifest.xml:32:13-65
	android:name
		ADDED from src/main/AndroidManifest.xml:32:21-62
category#android.intent.category.LAUNCHER
ADDED from src/main/AndroidManifest.xml:33:13-73
	android:name
		ADDED from src/main/AndroidManifest.xml:33:23-70
intent-filter#action:name:android.intent.action.VIEW+category:name:android.intent.category.BROWSABLE+category:name:android.intent.category.DEFAULT+data:scheme:onekalbe
ADDED from src/main/AndroidManifest.xml:35:9-40:25
action#android.intent.action.VIEW
ADDED from src/main/AndroidManifest.xml:36:11-63
	android:name
		ADDED from src/main/AndroidManifest.xml:36:19-60
category#android.intent.category.DEFAULT
ADDED from src/main/AndroidManifest.xml:37:11-70
	android:name
		ADDED from src/main/AndroidManifest.xml:37:21-67
category#android.intent.category.BROWSABLE
ADDED from src/main/AndroidManifest.xml:38:11-72
	android:name
		ADDED from src/main/AndroidManifest.xml:38:21-69
data
ADDED from src/main/AndroidManifest.xml:39:11-45
	android:scheme
		ADDED from src/main/AndroidManifest.xml:39:17-42
activity#com.facebook.react.devsupport.DevSettingsActivity
ADDED from src/main/AndroidManifest.xml:42:7-84
	android:name
		ADDED from src/main/AndroidManifest.xml:42:17-81
uses-sdk
INJECTED from src/main/AndroidManifest.xml reason: use-sdk injection requested
INJECTED from src/main/AndroidManifest.xml
INJECTED from src/main/AndroidManifest.xml
MERGED from [:react-native-firebase] AndroidManifest.xml:7:5-9:41
MERGED from [:react-native-firebase] AndroidManifest.xml:7:5-9:41
MERGED from [androidx.multidex:multidex:2.0.1] AndroidManifest.xml:20:5-43
MERGED from [androidx.multidex:multidex:2.0.1] AndroidManifest.xml:20:5-43
MERGED from [me.leolin:ShortcutBadger:1.1.21] AndroidManifest.xml:7:5-9:41
MERGED from [me.leolin:ShortcutBadger:1.1.21] AndroidManifest.xml:7:5-9:41
MERGED from [com.crashlytics.sdk.android:crashlytics:2.9.9] AndroidManifest.xml:7:5-43
MERGED from [com.crashlytics.sdk.android:crashlytics:2.9.9] AndroidManifest.xml:7:5-43
MERGED from [com.google.firebase:firebase-core:17.0.1] AndroidManifest.xml:5:5-44
MERGED from [com.google.firebase:firebase-core:17.0.1] AndroidManifest.xml:5:5-44
MERGED from [:react-native-camera] AndroidManifest.xml:5:5-7:41
MERGED from [:react-native-camera] AndroidManifest.xml:5:5-7:41
MERGED from [com.google.firebase:firebase-ml-vision:19.0.3] AndroidManifest.xml:6:5-44
MERGED from [com.google.firebase:firebase-ml-vision:19.0.3] AndroidManifest.xml:6:5-44
MERGED from [com.google.firebase:firebase-ml-vision-face-model:17.0.2] AndroidManifest.xml:5:5-44
MERGED from [com.google.firebase:firebase-ml-vision-face-model:17.0.2] AndroidManifest.xml:5:5-44
MERGED from [:react-native-device-info] AndroidManifest.xml:8:5-10:41
MERGED from [:react-native-device-info] AndroidManifest.xml:8:5-10:41
MERGED from [com.google.android.gms:play-services-iid:17.0.0] AndroidManifest.xml:20:5-44
MERGED from [com.google.android.gms:play-services-iid:17.0.0] AndroidManifest.xml:20:5-44
MERGED from [com.google.android.gms:play-services-auth-base:16.0.0] AndroidManifest.xml:5:5-44
MERGED from [com.google.android.gms:play-services-auth-base:16.0.0] AndroidManifest.xml:5:5-44
MERGED from [com.google.android.gms:play-services-vision:17.0.2] AndroidManifest.xml:5:5-44
MERGED from [com.google.android.gms:play-services-vision:17.0.2] AndroidManifest.xml:5:5-44
MERGED from [com.google.android.gms:play-services-vision-image-label:17.0.2] AndroidManifest.xml:5:5-44
MERGED from [com.google.android.gms:play-services-vision-image-label:17.0.2] AndroidManifest.xml:5:5-44
MERGED from [com.google.android.gms:play-services-vision-common:17.0.2] AndroidManifest.xml:5:5-44
MERGED from [com.google.android.gms:play-services-vision-common:17.0.2] AndroidManifest.xml:5:5-44
MERGED from [com.google.firebase:firebase-ml-common:17.0.0] AndroidManifest.xml:6:5-44
MERGED from [com.google.firebase:firebase-ml-common:17.0.0] AndroidManifest.xml:6:5-44
MERGED from [com.google.android.gms:play-services-clearcut:16.0.0] AndroidManifest.xml:20:5-44
MERGED from [com.google.android.gms:play-services-clearcut:16.0.0] AndroidManifest.xml:20:5-44
MERGED from [com.google.android.gms:play-services-flags:16.0.1] AndroidManifest.xml:20:5-44
MERGED from [com.google.android.gms:play-services-flags:16.0.1] AndroidManifest.xml:20:5-44
MERGED from [com.google.android.gms:play-services-phenotype:16.0.0] AndroidManifest.xml:20:5-44
MERGED from [com.google.android.gms:play-services-phenotype:16.0.0] AndroidManifest.xml:20:5-44
MERGED from [com.google.firebase:firebase-analytics:17.0.0] AndroidManifest.xml:5:5-44
MERGED from [com.google.firebase:firebase-analytics:17.0.0] AndroidManifest.xml:5:5-44
MERGED from [com.google.android.gms:play-services-measurement-api:17.0.0] AndroidManifest.xml:20:5-44
MERGED from [com.google.android.gms:play-services-measurement-api:17.0.0] AndroidManifest.xml:20:5-44
MERGED from [com.google.firebase:firebase-iid:19.0.0] AndroidManifest.xml:20:5-44
MERGED from [com.google.firebase:firebase-iid:19.0.0] AndroidManifest.xml:20:5-44
MERGED from [com.google.firebase:firebase-iid-interop:17.0.0] AndroidManifest.xml:5:5-44
MERGED from [com.google.firebase:firebase-iid-interop:17.0.0] AndroidManifest.xml:5:5-44
MERGED from [com.google.android.gms:play-services-base:17.0.0] AndroidManifest.xml:20:5-44
MERGED from [com.google.android.gms:play-services-base:17.0.0] AndroidManifest.xml:20:5-44
MERGED from [:@react-native-community_async-storage] AndroidManifest.xml:5:5-7:41
MERGED from [:@react-native-community_async-storage] AndroidManifest.xml:5:5-7:41
MERGED from [:@react-native-community_cameraroll] AndroidManifest.xml:5:5-7:41
MERGED from [:@react-native-community_cameraroll] AndroidManifest.xml:5:5-7:41
MERGED from [:react-native-fs] AndroidManifest.xml:7:5-9:41
MERGED from [:react-native-fs] AndroidManifest.xml:7:5-9:41
MERGED from [:react-native-image-base64] AndroidManifest.xml:5:5-7:41
MERGED from [:react-native-image-base64] AndroidManifest.xml:5:5-7:41
MERGED from [:react-native-image-picker] AndroidManifest.xml:5:5-7:41
MERGED from [:react-native-image-picker] AndroidManifest.xml:5:5-7:41
MERGED from [:react-native-localization] AndroidManifest.xml:7:5-9:41
MERGED from [:react-native-localization] AndroidManifest.xml:7:5-9:41
MERGED from [:react-native-localize] AndroidManifest.xml:5:5-7:41
MERGED from [:react-native-localize] AndroidManifest.xml:5:5-7:41
MERGED from [:react-native-pdf] AndroidManifest.xml:5:5-7:41
MERGED from [:react-native-pdf] AndroidManifest.xml:5:5-7:41
MERGED from [:react-native-permissions] AndroidManifest.xml:5:5-7:41
MERGED from [:react-native-permissions] AndroidManifest.xml:5:5-7:41
MERGED from [:react-native-reanimated] AndroidManifest.xml:7:5-9:41
MERGED from [:react-native-reanimated] AndroidManifest.xml:7:5-9:41
MERGED from [:react-native-share] AndroidManifest.xml:5:5-7:41
MERGED from [:react-native-share] AndroidManifest.xml:5:5-7:41
MERGED from [:react-native-svg] AndroidManifest.xml:5:5-7:41
MERGED from [:react-native-svg] AndroidManifest.xml:5:5-7:41
MERGED from [:react-native-vector-icons] AndroidManifest.xml:7:5-9:41
MERGED from [:react-native-vector-icons] AndroidManifest.xml:7:5-9:41
MERGED from [:react-native-webview] AndroidManifest.xml:7:5-9:41
MERGED from [:react-native-webview] AndroidManifest.xml:7:5-9:41
MERGED from [:rn-fetch-blob] AndroidManifest.xml:7:5-9:41
MERGED from [:rn-fetch-blob] AndroidManifest.xml:7:5-9:41
MERGED from [com.facebook.react:react-native:0.60.5] AndroidManifest.xml:7:5-9:41
MERGED from [com.facebook.react:react-native:0.60.5] AndroidManifest.xml:7:5-9:41
MERGED from [org.webkit:android-jsc:r245459] AndroidManifest.xml:7:5-9:41
MERGED from [org.webkit:android-jsc:r245459] AndroidManifest.xml:7:5-9:41
MERGED from [:react-native-gesture-handler] AndroidManifest.xml:7:5-9:41
MERGED from [:react-native-gesture-handler] AndroidManifest.xml:7:5-9:41
MERGED from [:react-native-image-resizer] AndroidManifest.xml:7:5-9:41